TN:
SF:controllers/adminController.js
FN:6,registerAdmin
FN:28,loginAdmin
FN:59,logoutAdmin
FN:65,getAdminDashboard
FNF:4
FNH:2
FNDA:4,registerAdmin
FNDA:4,loginAdmin
FNDA:0,logoutAdmin
FNDA:0,getAdminDashboard
DA:7,4
DA:9,4
DA:11,4
DA:12,4
DA:13,1
DA:17,3
DA:18,3
DA:20,2
DA:22,1
DA:23,1
DA:29,4
DA:30,4
DA:32,4
DA:34,4
DA:35,4
DA:36,4
DA:37,4
DA:41,0
DA:42,0
DA:43,0
DA:44,0
DA:48,0
DA:49,0
DA:51,0
DA:53,0
DA:54,0
DA:61,0
DA:66,0
LF:28
LH:17
BRDA:12,0,0,1
BRDA:12,0,1,3
BRDA:35,1,0,4
BRDA:35,1,1,0
BRDA:42,2,0,0
BRDA:42,2,1,0
BRF:6
BRH:3
end_of_record
TN:
SF:controllers/contentController.js
FN:24,(anonymous_0)
FN:27,(anonymous_1)
FN:36,(anonymous_2)
FN:42,(anonymous_3)
FN:81,(anonymous_4)
FN:127,(anonymous_5)
FN:165,(anonymous_6)
FN:202,(anonymous_7)
FN:251,(anonymous_8)
FN:277,(anonymous_9)
FN:287,(anonymous_10)
FN:328,(anonymous_11)
FN:358,(anonymous_12)
FN:370,(anonymous_13)
FN:403,(anonymous_14)
FN:425,(anonymous_15)
FN:443,(anonymous_16)
FN:470,(anonymous_17)
FN:501,(anonymous_18)
FN:513,(anonymous_19)
FN:529,(anonymous_20)
FN:551,(anonymous_21)
FN:568,(anonymous_22)
FN:598,(anonymous_23)
FN:637,(anonymous_24)
FN:655,(anonymous_25)
FN:683,(anonymous_26)
FN:696,(anonymous_27)
FN:743,(anonymous_28)
FN:775,(anonymous_29)
FN:799,(anonymous_30)
FN:808,(anonymous_31)
FN:820,(anonymous_32)
FN:852,(anonymous_33)
FN:865,(anonymous_34)
FN:882,(anonymous_35)
FN:905,(anonymous_36)
FN:925,(anonymous_37)
FN:958,(anonymous_38)
FN:1007,(anonymous_39)
FN:1020,(anonymous_40)
FN:1036,(anonymous_41)
FN:1065,(anonymous_42)
FN:1109,(anonymous_43)
FN:1142,(anonymous_44)
FN:1173,(anonymous_45)
FN:1185,(anonymous_46)
FN:1201,(anonymous_47)
FN:1223,(anonymous_48)
FN:1252,(anonymous_49)
FN:1282,(anonymous_50)
FN:1312,(anonymous_51)
FN:1324,(anonymous_52)
FN:1340,(anonymous_53)
FN:1363,(anonymous_54)
FN:1390,(anonymous_55)
FN:1417,(anonymous_56)
FN:1448,(anonymous_57)
FN:1460,(anonymous_58)
FN:1476,(anonymous_59)
FN:1498,(anonymous_60)
FN:1519,(anonymous_61)
FN:1548,(anonymous_62)
FN:1578,(anonymous_63)
FN:1590,(anonymous_64)
FN:1606,(anonymous_65)
FN:1627,(anonymous_66)
FN:1650,(anonymous_67)
FN:1686,(anonymous_68)
FN:1696,(anonymous_69)
FN:1717,(anonymous_70)
FN:1727,(anonymous_71)
FN:1737,(anonymous_72)
FN:1749,(anonymous_73)
FN:1763,(anonymous_74)
FN:1773,(anonymous_75)
FN:1779,(anonymous_76)
FN:1801,(anonymous_77)
FN:1844,(anonymous_78)
FN:1856,(anonymous_79)
FN:1889,(anonymous_80)
FN:1912,(anonymous_81)
FN:1953,(anonymous_82)
FN:1983,(anonymous_83)
FN:2047,(anonymous_84)
FN:2092,(anonymous_85)
FN:2113,(anonymous_86)
FN:2142,(anonymous_87)
FN:2208,(anonymous_88)
FN:2234,(anonymous_89)
FN:2250,(anonymous_90)
FN:2269,(anonymous_91)
FNF:92
FNH:0
FNDA:0,(anonymous_0)
FNDA:0,(anonymous_1)
FNDA:0,(anonymous_2)
FNDA:0,(anonymous_3)
FNDA:0,(anonymous_4)
FNDA:0,(anonymous_5)
FNDA:0,(anonymous_6)
FNDA:0,(anonymous_7)
FNDA:0,(anonymous_8)
FNDA:0,(anonymous_9)
FNDA:0,(anonymous_10)
FNDA:0,(anonymous_11)
FNDA:0,(anonymous_12)
FNDA:0,(anonymous_13)
FNDA:0,(anonymous_14)
FNDA:0,(anonymous_15)
FNDA:0,(anonymous_16)
FNDA:0,(anonymous_17)
FNDA:0,(anonymous_18)
FNDA:0,(anonymous_19)
FNDA:0,(anonymous_20)
FNDA:0,(anonymous_21)
FNDA:0,(anonymous_22)
FNDA:0,(anonymous_23)
FNDA:0,(anonymous_24)
FNDA:0,(anonymous_25)
FNDA:0,(anonymous_26)
FNDA:0,(anonymous_27)
FNDA:0,(anonymous_28)
FNDA:0,(anonymous_29)
FNDA:0,(anonymous_30)
FNDA:0,(anonymous_31)
FNDA:0,(anonymous_32)
FNDA:0,(anonymous_33)
FNDA:0,(anonymous_34)
FNDA:0,(anonymous_35)
FNDA:0,(anonymous_36)
FNDA:0,(anonymous_37)
FNDA:0,(anonymous_38)
FNDA:0,(anonymous_39)
FNDA:0,(anonymous_40)
FNDA:0,(anonymous_41)
FNDA:0,(anonymous_42)
FNDA:0,(anonymous_43)
FNDA:0,(anonymous_44)
FNDA:0,(anonymous_45)
FNDA:0,(anonymous_46)
FNDA:0,(anonymous_47)
FNDA:0,(anonymous_48)
FNDA:0,(anonymous_49)
FNDA:0,(anonymous_50)
FNDA:0,(anonymous_51)
FNDA:0,(anonymous_52)
FNDA:0,(anonymous_53)
FNDA:0,(anonymous_54)
FNDA:0,(anonymous_55)
FNDA:0,(anonymous_56)
FNDA:0,(anonymous_57)
FNDA:0,(anonymous_58)
FNDA:0,(anonymous_59)
FNDA:0,(anonymous_60)
FNDA:0,(anonymous_61)
FNDA:0,(anonymous_62)
FNDA:0,(anonymous_63)
FNDA:0,(anonymous_64)
FNDA:0,(anonymous_65)
FNDA:0,(anonymous_66)
FNDA:0,(anonymous_67)
FNDA:0,(anonymous_68)
FNDA:0,(anonymous_69)
FNDA:0,(anonymous_70)
FNDA:0,(anonymous_71)
FNDA:0,(anonymous_72)
FNDA:0,(anonymous_73)
FNDA:0,(anonymous_74)
FNDA:0,(anonymous_75)
FNDA:0,(anonymous_76)
FNDA:0,(anonymous_77)
FNDA:0,(anonymous_78)
FNDA:0,(anonymous_79)
FNDA:0,(anonymous_80)
FNDA:0,(anonymous_81)
FNDA:0,(anonymous_82)
FNDA:0,(anonymous_83)
FNDA:0,(anonymous_84)
FNDA:0,(anonymous_85)
FNDA:0,(anonymous_86)
FNDA:0,(anonymous_87)
FNDA:0,(anonymous_88)
FNDA:0,(anonymous_89)
FNDA:0,(anonymous_90)
FNDA:0,(anonymous_91)
DA:20,0
DA:21,0
DA:24,0
DA:27,0
DA:28,0
DA:29,0
DA:31,0
DA:36,0
DA:37,0
DA:42,0
DA:43,0
DA:44,0
DA:47,0
DA:59,0
DA:60,0
DA:61,0
DA:64,0
DA:70,0
DA:71,0
DA:74,0
DA:76,0
DA:81,0
DA:82,0
DA:83,0
DA:84,0
DA:86,0
DA:98,0
DA:99,0
DA:100,0
DA:103,0
DA:104,0
DA:110,0
DA:111,0
DA:115,0
DA:116,0
DA:117,0
DA:120,0
DA:122,0
DA:127,0
DA:128,0
DA:129,0
DA:131,0
DA:143,0
DA:144,0
DA:145,0
DA:148,0
DA:154,0
DA:155,0
DA:158,0
DA:160,0
DA:165,0
DA:166,0
DA:167,0
DA:169,0
DA:181,0
DA:182,0
DA:183,0
DA:186,0
DA:187,0
DA:188,0
DA:191,0
DA:197,0
DA:202,0
DA:203,0
DA:204,0
DA:205,0
DA:207,0
DA:208,0
DA:211,0
DA:223,0
DA:224,0
DA:225,0
DA:228,0
DA:229,0
DA:230,0
DA:233,0
DA:240,0
DA:241,0
DA:242,0
DA:244,0
DA:246,0
DA:251,0
DA:252,0
DA:253,0
DA:255,0
DA:267,0
DA:268,0
DA:269,0
DA:272,0
DA:273,0
DA:274,0
DA:277,0
DA:278,0
DA:280,0
DA:282,0
DA:287,0
DA:288,0
DA:289,0
DA:291,0
DA:303,0
DA:304,0
DA:305,0
DA:308,0
DA:309,0
DA:310,0
DA:313,0
DA:314,0
DA:315,0
DA:318,0
DA:319,0
DA:321,0
DA:323,0
DA:328,0
DA:329,0
DA:330,0
DA:331,0
DA:333,0
DA:334,0
DA:337,0
DA:339,0
DA:342,0
DA:344,0
DA:352,0
DA:353,0
DA:355,0
DA:358,0
DA:359,0
DA:360,0
DA:361,0
DA:362,0
DA:364,0
DA:366,0
DA:370,0
DA:371,0
DA:373,0
DA:374,0
DA:376,0
DA:377,0
DA:380,0
DA:381,0
DA:384,0
DA:385,0
DA:387,0
DA:392,0
DA:393,0
DA:395,0
DA:397,0
DA:399,0
DA:400,0
DA:403,0
DA:404,0
DA:406,0
DA:407,0
DA:413,0
DA:415,0
DA:421,0
DA:425,0
DA:426,0
DA:427,0
DA:428,0
DA:429,0
DA:431,0
DA:433,0
DA:436,0
DA:437,0
DA:439,0
DA:443,0
DA:444,0
DA:445,0
DA:446,0
DA:448,0
DA:449,0
DA:453,0
DA:454,0
DA:455,0
DA:456,0
DA:461,0
DA:463,0
DA:465,0
DA:466,0
DA:470,0
DA:471,0
DA:472,0
DA:473,0
DA:475,0
DA:476,0
DA:479,0
DA:481,0
DA:484,0
DA:486,0
DA:494,0
DA:495,0
DA:497,0
DA:501,0
DA:502,0
DA:503,0
DA:504,0
DA:505,0
DA:507,0
DA:509,0
DA:513,0
DA:514,0
DA:516,0
DA:517,0
DA:518,0
DA:522,0
DA:523,0
DA:525,0
DA:529,0
DA:530,0
DA:532,0
DA:533,0
DA:539,0
DA:541,0
DA:547,0
DA:551,0
DA:552,0
DA:553,0
DA:554,0
DA:555,0
DA:557,0
DA:558,0
DA:561,0
DA:562,0
DA:564,0
DA:568,0
DA:569,0
DA:570,0
DA:571,0
DA:573,0
DA:574,0
DA:578,0
DA:579,0
DA:580,0
DA:581,0
DA:586,0
DA:588,0
DA:590,0
DA:591,0
DA:598,0
DA:599,0
DA:600,0
DA:603,0
DA:604,0
DA:605,0
DA:608,0
DA:609,0
DA:613,0
DA:614,0
DA:617,0
DA:620,0
DA:629,0
DA:630,0
DA:632,0
DA:637,0
DA:638,0
DA:640,0
DA:641,0
DA:642,0
DA:647,0
DA:648,0
DA:650,0
DA:655,0
DA:656,0
DA:658,0
DA:659,0
DA:664,0
DA:666,0
DA:674,0
DA:683,0
DA:684,0
DA:685,0
DA:686,0
DA:687,0
DA:689,0
DA:691,0
DA:696,0
DA:697,0
DA:698,0
DA:699,0
DA:702,0
DA:703,0
DA:704,0
DA:707,0
DA:708,0
DA:709,0
DA:711,0
DA:714,0
DA:721,0
DA:722,0
DA:724,0
DA:725,0
DA:728,0
DA:729,0
DA:730,0
DA:733,0
DA:735,0
DA:743,0
DA:744,0
DA:745,0
DA:746,0
DA:748,0
DA:749,0
DA:753,0
DA:754,0
DA:755,0
DA:756,0
DA:760,0
DA:761,0
DA:762,0
DA:763,0
DA:767,0
DA:768,0
DA:770,0
DA:775,0
DA:776,0
DA:777,0
DA:778,0
DA:780,0
DA:781,0
DA:784,0
DA:785,0
DA:786,0
DA:789,0
DA:790,0
DA:792,0
DA:794,0
DA:799,0
DA:800,0
DA:801,0
DA:803,0
DA:804,0
DA:805,0
DA:808,0
DA:809,0
DA:811,0
DA:813,0
DA:820,0
DA:821,0
DA:822,0
DA:823,0
DA:825,0
DA:826,0
DA:829,0
DA:830,0
DA:833,0
DA:835,0
DA:844,0
DA:845,0
DA:847,0
DA:852,0
DA:853,0
DA:854,0
DA:855,0
DA:856,0
DA:858,0
DA:860,0
DA:865,0
DA:866,0
DA:868,0
DA:869,0
DA:870,0
DA:874,0
DA:875,0
DA:877,0
DA:882,0
DA:883,0
DA:885,0
DA:886,0
DA:892,0
DA:894,0
DA:900,0
DA:905,0
DA:906,0
DA:907,0
DA:908,0
DA:909,0
DA:911,0
DA:912,0
DA:915,0
DA:916,0
DA:918,0
DA:925,0
DA:926,0
DA:927,0
DA:928,0
DA:930,0
DA:931,0
DA:935,0
DA:936,0
DA:937,0
DA:938,0
DA:943,0
DA:945,0
DA:947,0
DA:948,0
DA:958,0
DA:959,0
DA:960,0
DA:963,0
DA:964,0
DA:968,0
DA:969,0
DA:970,0
DA:972,0
DA:973,0
DA:976,0
DA:977,0
DA:980,0
DA:981,0
DA:982,0
DA:984,0
DA:987,0
DA:998,0
DA:999,0
DA:1001,0
DA:1002,0
DA:1007,0
DA:1008,0
DA:1009,0
DA:1010,0
DA:1011,0
DA:1013,0
DA:1015,0
DA:1020,0
DA:1021,0
DA:1023,0
DA:1024,0
DA:1025,0
DA:1029,0
DA:1030,0
DA:1032,0
DA:1036,0
DA:1037,0
DA:1039,0
DA:1040,0
DA:1045,0
DA:1047,0
DA:1055,0
DA:1056,0
DA:1065,0
DA:1066,0
DA:1067,0
DA:1068,0
DA:1069,0
DA:1071,0
DA:1072,0
DA:1073,0
DA:1075,0
DA:1078,0
DA:1088,0
DA:1089,0
DA:1092,0
DA:1093,0
DA:1096,0
DA:1097,0
DA:1098,0
DA:1101,0
DA:1103,0
DA:1109,0
DA:1110,0
DA:1111,0
DA:1112,0
DA:1114,0
DA:1115,0
DA:1119,0
DA:1120,0
DA:1121,0
DA:1122,0
DA:1126,0
DA:1127,0
DA:1128,0
DA:1129,0
DA:1133,0
DA:1134,0
DA:1136,0
DA:1142,0
DA:1143,0
DA:1144,0
DA:1145,0
DA:1147,0
DA:1148,0
DA:1151,0
DA:1153,0
DA:1156,0
DA:1158,0
DA:1166,0
DA:1167,0
DA:1169,0
DA:1173,0
DA:1174,0
DA:1175,0
DA:1176,0
DA:1177,0
DA:1179,0
DA:1181,0
DA:1185,0
DA:1186,0
DA:1188,0
DA:1189,0
DA:1190,0
DA:1194,0
DA:1195,0
DA:1197,0
DA:1201,0
DA:1202,0
DA:1204,0
DA:1205,0
DA:1211,0
DA:1213,0
DA:1219,0
DA:1223,0
DA:1224,0
DA:1225,0
DA:1226,0
DA:1229,0
DA:1230,0
DA:1231,0
DA:1233,0
DA:1236,0
DA:1238,0
DA:1240,0
DA:1243,0
DA:1244,0
DA:1246,0
DA:1252,0
DA:1253,0
DA:1254,0
DA:1255,0
DA:1257,0
DA:1258,0
DA:1262,0
DA:1263,0
DA:1264,0
DA:1265,0
DA:1270,0
DA:1272,0
DA:1274,0
DA:1275,0
DA:1282,0
DA:1283,0
DA:1284,0
DA:1285,0
DA:1287,0
DA:1288,0
DA:1291,0
DA:1292,0
DA:1295,0
DA:1297,0
DA:1305,0
DA:1306,0
DA:1308,0
DA:1312,0
DA:1313,0
DA:1314,0
DA:1315,0
DA:1316,0
DA:1318,0
DA:1320,0
DA:1324,0
DA:1325,0
DA:1327,0
DA:1328,0
DA:1329,0
DA:1333,0
DA:1334,0
DA:1336,0
DA:1340,0
DA:1341,0
DA:1343,0
DA:1344,0
DA:1350,0
DA:1352,0
DA:1358,0
DA:1363,0
DA:1364,0
DA:1365,0
DA:1366,0
DA:1368,0
DA:1369,0
DA:1370,0
DA:1372,0
DA:1375,0
DA:1377,0
DA:1378,0
DA:1381,0
DA:1382,0
DA:1384,0
DA:1390,0
DA:1391,0
DA:1392,0
DA:1393,0
DA:1395,0
DA:1396,0
DA:1399,0
DA:1400,0
DA:1401,0
DA:1402,0
DA:1406,0
DA:1408,0
DA:1410,0
DA:1411,0
DA:1417,0
DA:1418,0
DA:1419,0
DA:1420,0
DA:1422,0
DA:1423,0
DA:1426,0
DA:1428,0
DA:1431,0
DA:1433,0
DA:1441,0
DA:1442,0
DA:1444,0
DA:1448,0
DA:1449,0
DA:1450,0
DA:1451,0
DA:1452,0
DA:1454,0
DA:1456,0
DA:1460,0
DA:1461,0
DA:1463,0
DA:1464,0
DA:1465,0
DA:1469,0
DA:1470,0
DA:1472,0
DA:1476,0
DA:1477,0
DA:1479,0
DA:1480,0
DA:1486,0
DA:1488,0
DA:1494,0
DA:1498,0
DA:1499,0
DA:1500,0
DA:1501,0
DA:1503,0
DA:1504,0
DA:1506,0
DA:1508,0
DA:1511,0
DA:1512,0
DA:1514,0
DA:1519,0
DA:1520,0
DA:1521,0
DA:1522,0
DA:1524,0
DA:1525,0
DA:1529,0
DA:1530,0
DA:1531,0
DA:1532,0
DA:1537,0
DA:1539,0
DA:1541,0
DA:1542,0
DA:1548,0
DA:1549,0
DA:1550,0
DA:1551,0
DA:1553,0
DA:1554,0
DA:1557,0
DA:1558,0
DA:1561,0
DA:1563,0
DA:1571,0
DA:1572,0
DA:1574,0
DA:1578,0
DA:1579,0
DA:1580,0
DA:1581,0
DA:1582,0
DA:1584,0
DA:1586,0
DA:1590,0
DA:1591,0
DA:1593,0
DA:1594,0
DA:1595,0
DA:1599,0
DA:1600,0
DA:1602,0
DA:1606,0
DA:1607,0
DA:1609,0
DA:1610,0
DA:1615,0
DA:1617,0
DA:1624,0
DA:1627,0
DA:1628,0
DA:1629,0
DA:1630,0
DA:1632,0
DA:1633,0
DA:1635,0
DA:1636,0
DA:1639,0
DA:1640,0
DA:1641,0
DA:1643,0
DA:1645,0
DA:1650,0
DA:1651,0
DA:1652,0
DA:1653,0
DA:1655,0
DA:1656,0
DA:1659,0
DA:1660,0
DA:1661,0
DA:1662,0
DA:1666,0
DA:1668,0
DA:1670,0
DA:1671,0
DA:1677,0
DA:1686,0
DA:1687,0
DA:1688,0
DA:1689,0
DA:1691,0
DA:1696,0
DA:1697,0
DA:1698,0
DA:1699,0
DA:1701,0
DA:1702,0
DA:1703,0
DA:1704,0
DA:1706,0
DA:1707,0
DA:1708,0
DA:1710,0
DA:1711,0
DA:1717,0
DA:1718,0
DA:1719,0
DA:1720,0
DA:1722,0
DA:1727,0
DA:1728,0
DA:1729,0
DA:1730,0
DA:1732,0
DA:1737,0
DA:1738,0
DA:1739,0
DA:1740,0
DA:1741,0
DA:1742,0
DA:1744,0
DA:1749,0
DA:1750,0
DA:1751,0
DA:1756,0
DA:1758,0
DA:1763,0
DA:1764,0
DA:1765,0
DA:1766,0
DA:1768,0
DA:1773,0
DA:1774,0
DA:1775,0
DA:1776,0
DA:1778,0
DA:1779,0
DA:1782,0
DA:1783,0
DA:1791,0
DA:1792,0
DA:1794,0
DA:1796,0
DA:1801,0
DA:1802,0
DA:1803,0
DA:1804,0
DA:1807,0
DA:1808,0
DA:1811,0
DA:1813,0
DA:1817,0
DA:1818,0
DA:1819,0
DA:1821,0
DA:1822,0
DA:1825,0
DA:1836,0
DA:1837,0
DA:1839,0
DA:1840,0
DA:1844,0
DA:1845,0
DA:1846,0
DA:1847,0
DA:1848,0
DA:1850,0
DA:1852,0
DA:1856,0
DA:1857,0
DA:1859,0
DA:1860,0
DA:1862,0
DA:1863,0
DA:1865,0
DA:1866,0
DA:1868,0
DA:1869,0
DA:1872,0
DA:1877,0
DA:1878,0
DA:1880,0
DA:1882,0
DA:1884,0
DA:1885,0
DA:1889,0
DA:1890,0
DA:1892,0
DA:1894,0
DA:1900,0
DA:1902,0
DA:1908,0
DA:1912,0
DA:1913,0
DA:1914,0
DA:1915,0
DA:1918,0
DA:1919,0
DA:1920,0
DA:1922,0
DA:1925,0
DA:1935,0
DA:1937,0
DA:1940,0
DA:1942,0
DA:1943,0
DA:1946,0
DA:1948,0
DA:1949,0
DA:1953,0
DA:1954,0
DA:1955,0
DA:1956,0
DA:1958,0
DA:1959,0
DA:1963,0
DA:1964,0
DA:1965,0
DA:1966,0
DA:1971,0
DA:1973,0
DA:1975,0
DA:1976,0
DA:1983,0
DA:1984,0
DA:1989,0
DA:1991,0
DA:1993,0
DA:1994,0
DA:1997,0
DA:1998,0
DA:2002,0
DA:2003,0
DA:2004,0
DA:2005,0
DA:2007,0
DA:2012,0
DA:2013,0
DA:2014,0
DA:2015,0
DA:2017,0
DA:2021,0
DA:2038,0
DA:2039,0
DA:2041,0
DA:2042,0
DA:2047,0
DA:2048,0
DA:2050,0
DA:2051,0
DA:2054,0
DA:2055,0
DA:2059,0
DA:2060,0
DA:2064,0
DA:2065,0
DA:2069,0
DA:2071,0
DA:2076,0
DA:2078,0
DA:2086,0
DA:2087,0
DA:2092,0
DA:2093,0
DA:2094,0
DA:2095,0
DA:2097,0
DA:2098,0
DA:2102,0
DA:2103,0
DA:2105,0
DA:2107,0
DA:2108,0
DA:2113,0
DA:2114,0
DA:2116,0
DA:2117,0
DA:2122,0
DA:2124,0
DA:2132,0
DA:2133,0
DA:2142,0
DA:2143,0
DA:2144,0
DA:2149,0
DA:2151,0
DA:2152,0
DA:2153,0
DA:2157,0
DA:2159,0
DA:2160,0
DA:2161,0
DA:2162,0
DA:2165,0
DA:2169,0
DA:2170,0
DA:2171,0
DA:2172,0
DA:2173,0
DA:2174,0
DA:2175,0
DA:2176,0
DA:2177,0
DA:2178,0
DA:2179,0
DA:2182,0
DA:2183,0
DA:2184,0
DA:2186,0
DA:2191,0
DA:2192,0
DA:2193,0
DA:2195,0
DA:2199,0
DA:2200,0
DA:2202,0
DA:2203,0
DA:2208,0
DA:2209,0
DA:2210,0
DA:2212,0
DA:2213,0
DA:2214,0
DA:2218,0
DA:2219,0
DA:2220,0
DA:2221,0
DA:2225,0
DA:2226,0
DA:2228,0
DA:2229,0
DA:2234,0
DA:2235,0
DA:2236,0
DA:2237,0
DA:2239,0
DA:2240,0
DA:2243,0
DA:2244,0
DA:2245,0
DA:2249,0
DA:2250,0
DA:2253,0
DA:2254,0
DA:2258,0
DA:2259,0
DA:2261,0
DA:2263,0
DA:2264,0
DA:2269,0
DA:2270,0
DA:2271,0
DA:2273,0
DA:2275,0
DA:2277,0
DA:2278,0
LF:995
LH:0
BRDA:29,0,0,0
BRDA:29,0,1,0
BRDA:36,1,0,0
BRDA:36,2,0,0
BRDA:37,3,0,0
BRDA:37,3,1,0
BRDA:60,4,0,0
BRDA:60,4,1,0
BRDA:70,5,0,0
BRDA:70,5,1,0
BRDA:99,6,0,0
BRDA:99,6,1,0
BRDA:103,7,0,0
BRDA:103,7,1,0
BRDA:110,8,0,0
BRDA:110,8,1,0
BRDA:115,9,0,0
BRDA:115,9,1,0
BRDA:144,10,0,0
BRDA:144,10,1,0
BRDA:154,11,0,0
BRDA:154,11,1,0
BRDA:182,12,0,0
BRDA:182,12,1,0
BRDA:187,13,0,0
BRDA:187,13,1,0
BRDA:192,14,0,0
BRDA:192,14,1,0
BRDA:193,15,0,0
BRDA:193,15,1,0
BRDA:194,16,0,0
BRDA:194,16,1,0
BRDA:207,17,0,0
BRDA:207,17,1,0
BRDA:207,18,0,0
BRDA:207,18,1,0
BRDA:207,18,2,0
BRDA:224,19,0,0
BRDA:224,19,1,0
BRDA:229,20,0,0
BRDA:229,20,1,0
BRDA:240,21,0,0
BRDA:240,21,1,0
BRDA:268,22,0,0
BRDA:268,22,1,0
BRDA:273,23,0,0
BRDA:273,23,1,0
BRDA:304,24,0,0
BRDA:304,24,1,0
BRDA:309,25,0,0
BRDA:309,25,1,0
BRDA:314,26,0,0
BRDA:314,26,1,0
BRDA:333,27,0,0
BRDA:333,27,1,0
BRDA:333,28,0,0
BRDA:333,28,1,0
BRDA:337,29,0,0
BRDA:337,29,1,0
BRDA:361,30,0,0
BRDA:361,30,1,0
BRDA:371,31,0,0
BRDA:371,32,0,0
BRDA:374,33,0,0
BRDA:374,33,1,0
BRDA:393,34,0,0
BRDA:393,34,1,0
BRDA:404,35,0,0
BRDA:404,36,0,0
BRDA:431,37,0,0
BRDA:431,37,1,0
BRDA:448,38,0,0
BRDA:448,38,1,0
BRDA:453,39,0,0
BRDA:453,39,1,0
BRDA:455,40,0,0
BRDA:455,40,1,0
BRDA:475,41,0,0
BRDA:475,41,1,0
BRDA:475,42,0,0
BRDA:475,42,1,0
BRDA:479,43,0,0
BRDA:479,43,1,0
BRDA:504,44,0,0
BRDA:504,44,1,0
BRDA:514,45,0,0
BRDA:514,46,0,0
BRDA:517,47,0,0
BRDA:517,47,1,0
BRDA:530,48,0,0
BRDA:530,49,0,0
BRDA:557,50,0,0
BRDA:557,50,1,0
BRDA:573,51,0,0
BRDA:573,51,1,0
BRDA:578,52,0,0
BRDA:578,52,1,0
BRDA:580,53,0,0
BRDA:580,53,1,0
BRDA:603,54,0,0
BRDA:603,54,1,0
BRDA:608,55,0,0
BRDA:608,55,1,0
BRDA:608,56,0,0
BRDA:608,56,1,0
BRDA:608,56,2,0
BRDA:608,56,3,0
BRDA:614,57,0,0
BRDA:614,57,1,0
BRDA:617,58,0,0
BRDA:617,58,1,0
BRDA:638,59,0,0
BRDA:638,60,0,0
BRDA:641,61,0,0
BRDA:641,61,1,0
BRDA:656,62,0,0
BRDA:656,63,0,0
BRDA:686,64,0,0
BRDA:686,64,1,0
BRDA:702,65,0,0
BRDA:702,65,1,0
BRDA:709,66,0,0
BRDA:709,66,1,0
BRDA:721,67,0,0
BRDA:721,67,1,0
BRDA:724,68,0,0
BRDA:724,68,1,0
BRDA:729,69,0,0
BRDA:729,69,1,0
BRDA:748,70,0,0
BRDA:748,70,1,0
BRDA:753,71,0,0
BRDA:753,71,1,0
BRDA:755,72,0,0
BRDA:755,72,1,0
BRDA:760,73,0,0
BRDA:760,73,1,0
BRDA:762,74,0,0
BRDA:762,74,1,0
BRDA:780,75,0,0
BRDA:780,75,1,0
BRDA:785,76,0,0
BRDA:785,76,1,0
BRDA:804,77,0,0
BRDA:804,77,1,0
BRDA:825,78,0,0
BRDA:825,78,1,0
BRDA:825,79,0,0
BRDA:825,79,1,0
BRDA:825,79,2,0
BRDA:825,79,3,0
BRDA:829,80,0,0
BRDA:829,80,1,0
BRDA:855,81,0,0
BRDA:855,81,1,0
BRDA:866,82,0,0
BRDA:866,83,0,0
BRDA:869,84,0,0
BRDA:869,84,1,0
BRDA:883,85,0,0
BRDA:883,86,0,0
BRDA:911,87,0,0
BRDA:911,87,1,0
BRDA:930,88,0,0
BRDA:930,88,1,0
BRDA:935,89,0,0
BRDA:935,89,1,0
BRDA:937,90,0,0
BRDA:937,90,1,0
BRDA:963,91,0,0
BRDA:963,91,1,0
BRDA:963,92,0,0
BRDA:963,92,1,0
BRDA:963,92,2,0
BRDA:968,93,0,0
BRDA:968,93,1,0
BRDA:972,94,0,0
BRDA:972,94,1,0
BRDA:972,95,0,0
BRDA:972,95,1,0
BRDA:991,96,0,0
BRDA:991,96,1,0
BRDA:992,97,0,0
BRDA:992,97,1,0
BRDA:1010,98,0,0
BRDA:1010,98,1,0
BRDA:1021,99,0,0
BRDA:1021,100,0,0
BRDA:1024,101,0,0
BRDA:1024,101,1,0
BRDA:1037,102,0,0
BRDA:1037,103,0,0
BRDA:1069,104,0,0
BRDA:1069,104,1,0
BRDA:1073,105,0,0
BRDA:1073,105,1,0
BRDA:1088,106,0,0
BRDA:1088,106,1,0
BRDA:1092,107,0,0
BRDA:1092,107,1,0
BRDA:1097,108,0,0
BRDA:1097,108,1,0
BRDA:1114,109,0,0
BRDA:1114,109,1,0
BRDA:1119,110,0,0
BRDA:1119,110,1,0
BRDA:1121,111,0,0
BRDA:1121,111,1,0
BRDA:1126,112,0,0
BRDA:1126,112,1,0
BRDA:1128,113,0,0
BRDA:1128,113,1,0
BRDA:1147,114,0,0
BRDA:1147,114,1,0
BRDA:1147,115,0,0
BRDA:1147,115,1,0
BRDA:1151,116,0,0
BRDA:1151,116,1,0
BRDA:1176,117,0,0
BRDA:1176,117,1,0
BRDA:1186,118,0,0
BRDA:1186,119,0,0
BRDA:1189,120,0,0
BRDA:1189,120,1,0
BRDA:1202,121,0,0
BRDA:1202,122,0,0
BRDA:1231,123,0,0
BRDA:1231,123,1,0
BRDA:1238,124,0,0
BRDA:1238,124,1,0
BRDA:1257,125,0,0
BRDA:1257,125,1,0
BRDA:1262,126,0,0
BRDA:1262,126,1,0
BRDA:1264,127,0,0
BRDA:1264,127,1,0
BRDA:1287,128,0,0
BRDA:1287,128,1,0
BRDA:1287,129,0,0
BRDA:1287,129,1,0
BRDA:1291,130,0,0
BRDA:1291,130,1,0
BRDA:1315,131,0,0
BRDA:1315,131,1,0
BRDA:1325,132,0,0
BRDA:1325,133,0,0
BRDA:1328,134,0,0
BRDA:1328,134,1,0
BRDA:1341,135,0,0
BRDA:1341,136,0,0
BRDA:1370,137,0,0
BRDA:1370,137,1,0
BRDA:1377,138,0,0
BRDA:1377,138,1,0
BRDA:1395,139,0,0
BRDA:1395,139,1,0
BRDA:1399,140,0,0
BRDA:1399,140,1,0
BRDA:1401,141,0,0
BRDA:1401,141,1,0
BRDA:1422,142,0,0
BRDA:1422,142,1,0
BRDA:1422,143,0,0
BRDA:1422,143,1,0
BRDA:1426,144,0,0
BRDA:1426,144,1,0
BRDA:1451,145,0,0
BRDA:1451,145,1,0
BRDA:1461,146,0,0
BRDA:1461,147,0,0
BRDA:1464,148,0,0
BRDA:1464,148,1,0
BRDA:1477,149,0,0
BRDA:1477,150,0,0
BRDA:1506,151,0,0
BRDA:1506,151,1,0
BRDA:1524,152,0,0
BRDA:1524,152,1,0
BRDA:1529,153,0,0
BRDA:1529,153,1,0
BRDA:1531,154,0,0
BRDA:1531,154,1,0
BRDA:1553,155,0,0
BRDA:1553,155,1,0
BRDA:1553,156,0,0
BRDA:1553,156,1,0
BRDA:1557,157,0,0
BRDA:1557,157,1,0
BRDA:1581,158,0,0
BRDA:1581,158,1,0
BRDA:1591,159,0,0
BRDA:1591,160,0,0
BRDA:1594,161,0,0
BRDA:1594,161,1,0
BRDA:1607,162,0,0
BRDA:1607,163,0,0
BRDA:1635,164,0,0
BRDA:1635,164,1,0
BRDA:1640,165,0,0
BRDA:1640,165,1,0
BRDA:1655,166,0,0
BRDA:1655,166,1,0
BRDA:1659,167,0,0
BRDA:1659,167,1,0
BRDA:1661,168,0,0
BRDA:1661,168,1,0
BRDA:1698,169,0,0
BRDA:1698,169,1,0
BRDA:1703,170,0,0
BRDA:1703,170,1,0
BRDA:1776,171,0,0
BRDA:1776,171,1,0
BRDA:1807,172,0,0
BRDA:1807,172,1,0
BRDA:1807,173,0,0
BRDA:1807,173,1,0
BRDA:1807,173,2,0
BRDA:1811,174,0,0
BRDA:1811,174,1,0
BRDA:1819,175,0,0
BRDA:1819,175,1,0
BRDA:1829,176,0,0
BRDA:1829,176,1,0
BRDA:1830,177,0,0
BRDA:1830,177,1,0
BRDA:1833,178,0,0
BRDA:1833,178,1,0
BRDA:1847,179,0,0
BRDA:1847,179,1,0
BRDA:1857,180,0,0
BRDA:1857,181,0,0
BRDA:1860,182,0,0
BRDA:1860,182,1,0
BRDA:1878,183,0,0
BRDA:1878,183,1,0
BRDA:1890,184,0,0
BRDA:1890,185,0,0
BRDA:1920,186,0,0
BRDA:1920,186,1,0
BRDA:1935,187,0,0
BRDA:1935,187,1,0
BRDA:1942,188,0,0
BRDA:1942,188,1,0
BRDA:1958,189,0,0
BRDA:1958,189,1,0
BRDA:1963,190,0,0
BRDA:1963,190,1,0
BRDA:1965,191,0,0
BRDA:1965,191,1,0
BRDA:1993,192,0,0
BRDA:1993,192,1,0
BRDA:1993,193,0,0
BRDA:1993,193,1,0
BRDA:1993,193,2,0
BRDA:1993,193,3,0
BRDA:1993,193,4,0
BRDA:1993,193,5,0
BRDA:1997,194,0,0
BRDA:1997,194,1,0
BRDA:2003,195,0,0
BRDA:2003,195,1,0
BRDA:2005,196,0,0
BRDA:2005,196,1,0
BRDA:2013,197,0,0
BRDA:2013,197,1,0
BRDA:2015,198,0,0
BRDA:2015,198,1,0
BRDA:2031,199,0,0
BRDA:2031,199,1,0
BRDA:2032,200,0,0
BRDA:2032,200,1,0
BRDA:2033,201,0,0
BRDA:2033,201,1,0
BRDA:2048,202,0,0
BRDA:2048,203,0,0
BRDA:2048,204,0,0
BRDA:2051,205,0,0
BRDA:2051,205,1,0
BRDA:2054,206,0,0
BRDA:2054,206,1,0
BRDA:2054,207,0,0
BRDA:2054,207,1,0
BRDA:2059,208,0,0
BRDA:2059,208,1,0
BRDA:2059,209,0,0
BRDA:2059,209,1,0
BRDA:2064,210,0,0
BRDA:2064,210,1,0
BRDA:2064,211,0,0
BRDA:2064,211,1,0
BRDA:2069,212,0,0
BRDA:2069,212,1,0
BRDA:2097,213,0,0
BRDA:2097,213,1,0
BRDA:2102,214,0,0
BRDA:2102,214,1,0
BRDA:2114,215,0,0
BRDA:2114,216,0,0
BRDA:2152,217,0,0
BRDA:2152,217,1,0
BRDA:2157,218,0,0
BRDA:2157,218,1,0
BRDA:2159,219,0,0
BRDA:2159,219,1,0
BRDA:2161,220,0,0
BRDA:2161,220,1,0
BRDA:2169,221,0,0
BRDA:2169,221,1,0
BRDA:2170,222,0,0
BRDA:2170,222,1,0
BRDA:2171,223,0,0
BRDA:2171,223,1,0
BRDA:2172,224,0,0
BRDA:2172,224,1,0
BRDA:2173,225,0,0
BRDA:2173,225,1,0
BRDA:2174,226,0,0
BRDA:2174,226,1,0
BRDA:2175,227,0,0
BRDA:2175,227,1,0
BRDA:2176,228,0,0
BRDA:2176,228,1,0
BRDA:2177,229,0,0
BRDA:2177,229,1,0
BRDA:2178,230,0,0
BRDA:2178,230,1,0
BRDA:2179,231,0,0
BRDA:2179,231,1,0
BRDA:2182,232,0,0
BRDA:2182,232,1,0
BRDA:2184,233,0,0
BRDA:2184,233,1,0
BRDA:2191,234,0,0
BRDA:2191,234,1,0
BRDA:2193,235,0,0
BRDA:2193,235,1,0
BRDA:2213,236,0,0
BRDA:2213,236,1,0
BRDA:2218,237,0,0
BRDA:2218,237,1,0
BRDA:2220,238,0,0
BRDA:2220,238,1,0
BRDA:2239,239,0,0
BRDA:2239,239,1,0
BRDA:2239,240,0,0
BRDA:2239,240,1,0
BRDA:2244,241,0,0
BRDA:2244,241,1,0
BRDA:2253,242,0,0
BRDA:2253,242,1,0
BRDA:2271,243,0,0
BRF:451
BRH:0
end_of_record
TN:
SF:controllers/dashboardController.js
FN:14,(anonymous_0)
FN:36,(anonymous_1)
FN:113,(anonymous_2)
FN:145,(anonymous_3)
FN:153,(anonymous_4)
FN:161,(anonymous_5)
FN:176,(anonymous_6)
FN:183,(anonymous_7)
FN:229,getTimeAgo
FNF:9
FNH:0
FNDA:0,(anonymous_0)
FNDA:0,(anonymous_1)
FNDA:0,(anonymous_2)
FNDA:0,(anonymous_3)
FNDA:0,(anonymous_4)
FNDA:0,(anonymous_5)
FNDA:0,(anonymous_6)
FNDA:0,(anonymous_7)
FNDA:0,getTimeAgo
DA:14,1
DA:15,0
DA:17,0
DA:18,0
DA:19,0
DA:20,0
DA:23,0
DA:36,0
DA:39,0
DA:47,0
DA:52,0
DA:53,0
DA:56,0
DA:61,0
DA:65,0
DA:66,0
DA:71,0
DA:76,0
DA:77,0
DA:80,0
DA:83,0
DA:88,0
DA:93,0
DA:97,0
DA:102,0
DA:113,0
DA:116,0
DA:117,0
DA:118,0
DA:119,0
DA:121,0
DA:124,0
DA:127,0
DA:131,0
DA:140,0
DA:141,0
DA:142,0
DA:144,0
DA:145,0
DA:153,0
DA:161,0
DA:172,0
DA:173,0
DA:175,0
DA:176,0
DA:183,0
DA:193,0
DA:201,0
DA:219,0
DA:220,0
DA:230,0
DA:231,0
DA:233,0
DA:234,0
DA:235,0
DA:236,0
DA:238,0
LF:57
LH:1
BRDA:47,0,0,0
BRDA:47,0,1,0
BRDA:56,1,0,0
BRDA:56,1,1,0
BRDA:65,2,0,0
BRDA:65,2,1,0
BRDA:66,3,0,0
BRDA:66,3,1,0
BRDA:76,4,0,0
BRDA:76,4,1,0
BRDA:77,5,0,0
BRDA:77,5,1,0
BRDA:80,6,0,0
BRDA:80,6,1,0
BRDA:83,7,0,0
BRDA:83,7,1,0
BRDA:85,8,0,0
BRDA:85,8,1,0
BRDA:97,9,0,0
BRDA:97,9,1,0
BRDA:99,10,0,0
BRDA:99,10,1,0
BRDA:149,11,0,0
BRDA:149,11,1,0
BRDA:157,12,0,0
BRDA:157,12,1,0
BRDA:165,13,0,0
BRDA:165,13,1,0
BRDA:177,14,0,0
BRDA:177,14,1,0
BRDA:180,15,0,0
BRDA:180,15,1,0
BRDA:184,16,0,0
BRDA:184,16,1,0
BRDA:187,17,0,0
BRDA:187,17,1,0
BRDA:233,18,0,0
BRDA:233,18,1,0
BRDA:234,19,0,0
BRDA:234,19,1,0
BRDA:235,20,0,0
BRDA:235,20,1,0
BRDA:236,21,0,0
BRDA:236,21,1,0
BRF:44
BRH:0
end_of_record
TN:
SF:controllers/searchController.js
FN:32,levenshteinDistance
FN:57,createFuzzyTerms
FN:61,(anonymous_2)
FN:80,highlightSearchTerms
FN:84,(anonymous_4)
FN:95,(anonymous_5)
FN:165,(anonymous_6)
FN:210,(anonymous_7)
FN:249,(anonymous_8)
FN:289,(anonymous_9)
FN:298,(anonymous_10)
FN:359,(anonymous_11)
FN:447,(anonymous_12)
FN:505,(anonymous_13)
FN:575,(anonymous_14)
FN:601,(anonymous_15)
FN:602,(anonymous_16)
FN:603,(anonymous_17)
FN:608,(anonymous_18)
FN:609,(anonymous_19)
FN:611,(anonymous_20)
FN:636,(anonymous_21)
FN:692,(anonymous_22)
FN:752,(anonymous_23)
FN:757,(anonymous_24)
FN:781,(anonymous_25)
FN:796,getModelByContentType
FN:820,getModelsByContentTypes
FN:821,(anonymous_28)
FN:825,getTitleSuggestions
FN:839,(anonymous_30)
FN:849,(anonymous_31)
FN:857,getTagSuggestions
FN:871,(anonymous_33)
FN:872,(anonymous_34)
FN:877,(anonymous_35)
FN:887,getPopularSearches
FN:902,(anonymous_37)
FN:913,getRecentSearches
FN:923,(anonymous_39)
FN:934,calculateRelevance
FNF:41
FNH:0
FNDA:0,levenshteinDistance
FNDA:0,createFuzzyTerms
FNDA:0,(anonymous_2)
FNDA:0,highlightSearchTerms
FNDA:0,(anonymous_4)
FNDA:0,(anonymous_5)
FNDA:0,(anonymous_6)
FNDA:0,(anonymous_7)
FNDA:0,(anonymous_8)
FNDA:0,(anonymous_9)
FNDA:0,(anonymous_10)
FNDA:0,(anonymous_11)
FNDA:0,(anonymous_12)
FNDA:0,(anonymous_13)
FNDA:0,(anonymous_14)
FNDA:0,(anonymous_15)
FNDA:0,(anonymous_16)
FNDA:0,(anonymous_17)
FNDA:0,(anonymous_18)
FNDA:0,(anonymous_19)
FNDA:0,(anonymous_20)
FNDA:0,(anonymous_21)
FNDA:0,(anonymous_22)
FNDA:0,(anonymous_23)
FNDA:0,(anonymous_24)
FNDA:0,(anonymous_25)
FNDA:0,getModelByContentType
FNDA:0,getModelsByContentTypes
FNDA:0,(anonymous_28)
FNDA:0,getTitleSuggestions
FNDA:0,(anonymous_30)
FNDA:0,(anonymous_31)
FNDA:0,getTagSuggestions
FNDA:0,(anonymous_33)
FNDA:0,(anonymous_34)
FNDA:0,(anonymous_35)
FNDA:0,getPopularSearches
FNDA:0,(anonymous_37)
FNDA:0,getRecentSearches
FNDA:0,(anonymous_39)
FNDA:0,calculateRelevance
DA:14,0
DA:29,0
DA:33,0
DA:34,0
DA:35,0
DA:37,0
DA:38,0
DA:40,0
DA:41,0
DA:42,0
DA:43,0
DA:45,0
DA:53,0
DA:58,0
DA:59,0
DA:61,0
DA:62,0
DA:64,0
DA:72,0
DA:76,0
DA:81,0
DA:83,0
DA:84,0
DA:85,0
DA:86,0
DA:89,0
DA:95,0
DA:96,0
DA:97,0
DA:98,0
DA:99,0
DA:100,0
DA:101,0
DA:115,0
DA:117,0
DA:118,0
DA:121,0
DA:122,0
DA:123,0
DA:126,0
DA:127,0
DA:133,0
DA:144,0
DA:152,0
DA:153,0
DA:154,0
DA:155,0
DA:156,0
DA:160,0
DA:165,0
DA:166,0
DA:169,0
DA:185,0
DA:186,0
DA:187,0
DA:188,0
DA:189,0
DA:193,0
DA:194,0
DA:195,0
DA:199,0
DA:200,0
DA:204,0
DA:205,0
DA:209,0
DA:210,0
DA:216,0
DA:219,0
DA:221,0
DA:222,0
DA:224,0
DA:225,0
DA:227,0
DA:228,0
DA:230,0
DA:231,0
DA:235,0
DA:236,0
DA:239,0
DA:246,0
DA:249,0
DA:250,0
DA:257,0
DA:258,0
DA:259,0
DA:261,0
DA:263,0
DA:264,0
DA:266,0
DA:267,0
DA:271,0
DA:274,0
DA:276,0
DA:277,0
DA:282,0
DA:285,0
DA:288,0
DA:289,0
DA:293,0
DA:294,0
DA:295,0
DA:296,0
DA:297,0
DA:298,0
DA:301,0
DA:305,0
DA:306,0
DA:309,0
DA:310,0
DA:311,0
DA:312,0
DA:314,0
DA:322,0
DA:347,0
DA:348,0
DA:359,0
DA:360,0
DA:372,0
DA:374,0
DA:375,0
DA:382,0
DA:383,0
DA:384,0
DA:391,0
DA:394,0
DA:395,0
DA:399,0
DA:400,0
DA:404,0
DA:405,0
DA:406,0
DA:407,0
DA:411,0
DA:412,0
DA:416,0
DA:421,0
DA:423,0
DA:435,0
DA:436,0
DA:447,0
DA:448,0
DA:449,0
DA:451,0
DA:453,0
DA:454,0
DA:460,0
DA:461,0
DA:462,0
DA:468,0
DA:471,0
DA:472,0
DA:474,0
DA:476,0
DA:483,0
DA:484,0
DA:486,0
DA:493,0
DA:494,0
DA:505,0
DA:506,0
DA:507,0
DA:509,0
DA:511,0
DA:512,0
DA:518,0
DA:519,0
DA:520,0
DA:526,0
DA:529,0
DA:530,0
DA:537,0
DA:538,0
DA:540,0
DA:542,0
DA:549,0
DA:550,0
DA:553,0
DA:554,0
DA:556,0
DA:563,0
DA:564,0
DA:575,0
DA:576,0
DA:577,0
DA:579,0
DA:580,0
DA:589,0
DA:592,0
DA:600,0
DA:601,0
DA:602,0
DA:603,0
DA:607,0
DA:609,0
DA:611,0
DA:614,0
DA:624,0
DA:625,0
DA:636,0
DA:637,0
DA:638,0
DA:640,0
DA:641,0
DA:648,0
DA:652,0
DA:653,0
DA:654,0
DA:655,0
DA:656,0
DA:662,0
DA:673,0
DA:675,0
DA:681,0
DA:682,0
DA:692,0
DA:693,0
DA:698,0
DA:700,0
DA:703,0
DA:722,0
DA:743,0
DA:748,0
DA:752,0
DA:757,0
DA:781,0
DA:787,0
DA:788,0
DA:797,0
DA:817,0
DA:821,0
DA:826,0
DA:827,0
DA:828,0
DA:830,0
DA:831,0
DA:839,0
DA:840,0
DA:848,0
DA:849,0
DA:852,0
DA:853,0
DA:858,0
DA:859,0
DA:860,0
DA:862,0
DA:863,0
DA:867,0
DA:870,0
DA:871,0
DA:872,0
DA:877,0
DA:880,0
DA:882,0
DA:883,0
DA:888,0
DA:889,0
DA:902,0
DA:908,0
DA:909,0
DA:914,0
DA:915,0
DA:923,0
DA:929,0
DA:930,0
DA:935,0
DA:936,0
DA:939,0
DA:942,0
DA:945,0
DA:948,0
DA:949,0
DA:952,0
DA:953,0
DA:954,0
DA:956,0
LF:275
LH:0
BRDA:42,0,0,0
BRDA:42,0,1,0
BRDA:57,1,0,0
BRDA:62,2,0,0
BRDA:62,2,1,0
BRDA:81,3,0,0
BRDA:81,3,1,0
BRDA:81,4,0,0
BRDA:81,4,1,0
BRDA:105,5,0,0
BRDA:106,6,0,0
BRDA:107,7,0,0
BRDA:108,8,0,0
BRDA:109,9,0,0
BRDA:110,10,0,0
BRDA:126,11,0,0
BRDA:126,11,1,0
BRDA:148,12,0,0
BRDA:148,12,1,0
BRDA:153,13,0,0
BRDA:153,13,1,0
BRDA:160,14,0,0
BRDA:160,14,1,0
BRDA:185,15,0,0
BRDA:185,15,1,0
BRDA:185,16,0,0
BRDA:185,16,1,0
BRDA:187,17,0,0
BRDA:187,17,1,0
BRDA:188,18,0,0
BRDA:188,18,1,0
BRDA:193,19,0,0
BRDA:193,19,1,0
BRDA:193,20,0,0
BRDA:193,20,1,0
BRDA:194,21,0,0
BRDA:194,21,1,0
BRDA:199,22,0,0
BRDA:199,22,1,0
BRDA:199,23,0,0
BRDA:199,23,1,0
BRDA:204,24,0,0
BRDA:204,24,1,0
BRDA:209,25,0,0
BRDA:209,25,1,0
BRDA:209,26,0,0
BRDA:209,26,1,0
BRDA:222,27,0,0
BRDA:222,27,1,0
BRDA:222,27,2,0
BRDA:222,27,3,0
BRDA:222,27,4,0
BRDA:253,28,0,0
BRDA:253,28,1,0
BRDA:257,29,0,0
BRDA:257,29,1,0
BRDA:258,30,0,0
BRDA:258,30,1,0
BRDA:261,31,0,0
BRDA:261,31,1,0
BRDA:266,32,0,0
BRDA:266,32,1,0
BRDA:288,33,0,0
BRDA:288,33,1,0
BRDA:289,34,0,0
BRDA:289,34,1,0
BRDA:289,35,0,0
BRDA:289,35,1,0
BRDA:298,36,0,0
BRDA:298,36,1,0
BRDA:351,37,0,0
BRDA:351,37,1,0
BRDA:363,38,0,0
BRDA:364,39,0,0
BRDA:368,40,0,0
BRDA:369,41,0,0
BRDA:370,42,0,0
BRDA:371,43,0,0
BRDA:374,44,0,0
BRDA:374,44,1,0
BRDA:383,45,0,0
BRDA:383,45,1,0
BRDA:394,46,0,0
BRDA:394,46,1,0
BRDA:399,47,0,0
BRDA:399,47,1,0
BRDA:399,48,0,0
BRDA:399,48,1,0
BRDA:404,49,0,0
BRDA:404,49,1,0
BRDA:404,50,0,0
BRDA:404,50,1,0
BRDA:406,51,0,0
BRDA:406,51,1,0
BRDA:407,52,0,0
BRDA:407,52,1,0
BRDA:411,53,0,0
BRDA:411,53,1,0
BRDA:417,54,0,0
BRDA:417,54,1,0
BRDA:453,55,0,0
BRDA:453,55,1,0
BRDA:461,56,0,0
BRDA:461,56,1,0
BRDA:474,57,0,0
BRDA:474,57,1,0
BRDA:511,58,0,0
BRDA:511,58,1,0
BRDA:519,59,0,0
BRDA:519,59,1,0
BRDA:529,60,0,0
BRDA:529,60,1,0
BRDA:540,61,0,0
BRDA:540,61,1,0
BRDA:577,62,0,0
BRDA:579,63,0,0
BRDA:579,63,1,0
BRDA:579,64,0,0
BRDA:579,64,1,0
BRDA:628,65,0,0
BRDA:628,65,1,0
BRDA:640,66,0,0
BRDA:640,66,1,0
BRDA:652,67,0,0
BRDA:652,67,1,0
BRDA:653,68,0,0
BRDA:653,68,1,0
BRDA:655,69,0,0
BRDA:655,69,1,0
BRDA:665,70,0,0
BRDA:665,70,1,0
BRDA:668,71,0,0
BRDA:668,71,1,0
BRDA:669,72,0,0
BRDA:669,72,1,0
BRDA:695,73,0,0
BRDA:696,74,0,0
BRDA:697,75,0,0
BRDA:781,76,0,0
BRDA:781,76,1,0
BRDA:871,77,0,0
BRDA:871,77,1,0
BRDA:939,78,0,0
BRDA:939,78,1,0
BRDA:942,79,0,0
BRDA:942,79,1,0
BRDA:945,80,0,0
BRDA:945,80,1,0
BRDA:949,81,0,0
BRDA:949,81,1,0
BRF:150
BRH:0
end_of_record
TN:
SF:middleware/authMiddleware.js
FN:4,(anonymous_0)
FNF:1
FNH:0
FNDA:0,(anonymous_0)
DA:4,2
DA:5,0
DA:7,0
DA:8,0
DA:9,0
DA:12,0
DA:14,0
DA:15,0
DA:16,0
DA:17,0
DA:18,0
DA:20,0
DA:21,0
LF:13
LH:1
BRDA:7,0,0,0
BRDA:7,0,1,0
BRDA:12,1,0,0
BRDA:12,1,1,0
BRF:4
BRH:0
end_of_record
TN:
SF:middleware/fileUpload.js
FN:11,(anonymous_0)
FN:29,(anonymous_1)
FN:45,(anonymous_2)
FN:58,(anonymous_3)
FNF:4
FNH:0
FNDA:0,(anonymous_0)
FNDA:0,(anonymous_1)
FNDA:0,(anonymous_2)
FNDA:0,(anonymous_3)
DA:7,0
DA:8,0
DA:11,0
DA:12,0
DA:13,0
DA:14,0
DA:19,0
DA:20,0
DA:21,0
DA:23,0
DA:24,0
DA:25,0
DA:28,0
DA:30,0
DA:31,0
DA:32,0
DA:33,0
DA:34,0
DA:35,0
DA:36,0
DA:38,0
DA:41,0
DA:42,0
DA:46,0
DA:47,0
DA:48,0
DA:49,0
DA:51,0
DA:52,0
DA:58,0
DA:59,0
DA:60,0
DA:61,0
DA:62,0
DA:64,0
DA:65,0
DA:67,0
DA:68,0
DA:69,0
DA:70,0
DA:72,0
DA:73,0
DA:74,0
DA:75,0
DA:76,0
DA:77,0
DA:79,0
DA:84,0
DA:85,0
DA:88,0
DA:89,0
DA:95,0
DA:100,0
LF:53
LH:0
BRDA:12,0,0,0
BRDA:12,0,1,0
BRDA:31,1,0,0
BRDA:31,1,1,0
BRDA:31,2,0,0
BRDA:31,2,1,0
BRDA:33,3,0,0
BRDA:33,3,1,0
BRDA:35,4,0,0
BRDA:35,4,1,0
BRDA:72,5,0,0
BRDA:72,5,1,0
BRDA:72,6,0,0
BRDA:72,6,1,0
BRDA:74,7,0,0
BRDA:74,7,1,0
BRDA:74,8,0,0
BRDA:74,8,1,0
BRDA:76,9,0,0
BRDA:76,9,1,0
BRDA:76,10,0,0
BRDA:76,10,1,0
BRF:22
BRH:0
end_of_record
TN:
SF:middleware/performanceMonitor.js
FN:9,(anonymous_0)
FN:25,(anonymous_1)
FN:51,(anonymous_2)
FN:57,(anonymous_3)
FN:63,(anonymous_4)
FN:74,(anonymous_5)
FN:97,(anonymous_6)
FN:102,(anonymous_7)
FN:146,(anonymous_8)
FN:172,(anonymous_9)
FNF:10
FNH:0
FNDA:0,(anonymous_0)
FNDA:0,(anonymous_1)
FNDA:0,(anonymous_2)
FNDA:0,(anonymous_3)
FNDA:0,(anonymous_4)
FNDA:0,(anonymous_5)
FNDA:0,(anonymous_6)
FNDA:0,(anonymous_7)
FNDA:0,(anonymous_8)
FNDA:0,(anonymous_9)
DA:10,0
DA:26,0
DA:27,0
DA:29,0
DA:30,0
DA:33,0
DA:34,0
DA:38,0
DA:39,0
DA:40,0
DA:41,0
DA:42,0
DA:43,0
DA:44,0
DA:45,0
DA:47,0
DA:52,0
DA:58,0
DA:64,0
DA:75,0
DA:92,0
DA:97,0
DA:98,0
DA:101,0
DA:102,0
DA:103,0
DA:104,0
DA:105,0
DA:108,0
DA:111,0
DA:112,0
DA:122,0
DA:130,0
DA:131,0
DA:137,0
DA:140,0
DA:146,0
DA:147,0
DA:148,0
DA:150,0
DA:161,0
DA:162,0
DA:172,0
DA:173,0
DA:174,0
DA:175,0
DA:177,0
DA:182,0
DA:183,0
LF:49
LH:0
BRDA:25,0,0,0
BRDA:29,1,0,0
BRDA:29,1,1,0
BRDA:33,2,0,0
BRDA:33,2,1,0
BRDA:38,3,0,0
BRDA:38,3,1,0
BRDA:40,4,0,0
BRDA:40,4,1,0
BRDA:42,5,0,0
BRDA:42,5,1,0
BRDA:44,6,0,0
BRDA:44,6,1,0
BRDA:52,7,0,0
BRDA:52,7,1,0
BRDA:58,8,0,0
BRDA:58,8,1,0
BRDA:68,9,0,0
BRDA:68,9,1,0
BRDA:111,10,0,0
BRDA:111,10,1,0
BRDA:126,11,0,0
BRDA:126,11,1,0
BRF:23
BRH:0
end_of_record
TN:
SF:models/Admin.js
FN:10,(anonymous_0)
FN:17,(anonymous_1)
FNF:2
FNH:1
FNDA:21,(anonymous_0)
FNDA:0,(anonymous_1)
DA:5,3
DA:10,3
DA:11,21
DA:12,20
DA:13,20
DA:14,20
DA:17,3
DA:18,0
DA:19,0
DA:21,0
LF:10
LH:7
BRDA:11,0,0,1
BRDA:11,0,1,20
BRF:2
BRH:2
end_of_record
TN:
SF:models/Auction.js
FN:25,(anonymous_0)
FN:35,(anonymous_1)
FN:45,(anonymous_2)
FN:88,(anonymous_3)
FN:139,(anonymous_4)
FN:148,(anonymous_5)
FN:157,(anonymous_6)
FN:169,(anonymous_7)
FN:178,(anonymous_8)
FNF:9
FNH:1
FNDA:30,(anonymous_0)
FNDA:0,(anonymous_1)
FNDA:0,(anonymous_2)
FNDA:0,(anonymous_3)
FNDA:0,(anonymous_4)
FNDA:0,(anonymous_5)
FNDA:0,(anonymous_6)
FNDA:0,(anonymous_7)
FNDA:0,(anonymous_8)
DA:3,1
DA:26,30
DA:36,0
DA:46,0
DA:89,0
DA:133,1
DA:134,1
DA:135,1
DA:136,1
DA:139,1
DA:140,0
DA:141,0
DA:142,0
DA:143,0
DA:144,0
DA:148,1
DA:149,0
DA:157,1
DA:158,0
DA:159,0
DA:161,0
DA:162,0
DA:165,0
DA:169,1
DA:170,0
DA:178,1
DA:179,0
LF:27
LH:11
BRDA:89,0,0,0
BRDA:89,0,1,0
BRDA:144,1,0,0
BRDA:144,1,1,0
BRDA:161,2,0,0
BRDA:161,2,1,0
BRDA:161,3,0,0
BRDA:161,3,1,0
BRF:8
BRH:0
end_of_record
TN:
SF:models/Basic.js
FNF:0
FNH:0
DA:5,1
DA:13,1
LF:2
LH:2
BRF:0
BRH:0
end_of_record
TN:
SF:models/Beef.js
FNF:0
FNH:0
DA:4,1
LF:1
LH:1
BRF:0
BRH:0
end_of_record
TN:
SF:models/Blog.js
FNF:0
FNH:0
DA:4,1
LF:1
LH:1
BRF:0
BRH:0
end_of_record
TN:
SF:models/Dairy.js
FNF:0
FNH:0
DA:4,1
LF:1
LH:1
BRF:0
BRH:0
end_of_record
TN:
SF:models/Event.js
FNF:0
FNH:0
DA:3,1
LF:1
LH:1
BRF:0
BRH:0
end_of_record
TN:
SF:models/Farm.js
FNF:0
FNH:0
DA:4,1
LF:1
LH:1
BRF:0
BRH:0
end_of_record
TN:
SF:models/Goat.js
FNF:0
FNH:0
DA:4,1
LF:1
LH:1
BRF:0
BRH:0
end_of_record
TN:
SF:models/Magazine.js
FNF:0
FNH:0
DA:4,1
LF:1
LH:1
BRF:0
BRH:0
end_of_record
TN:
SF:models/News.js
FNF:0
FNH:0
DA:4,2
LF:1
LH:1
BRF:0
BRH:0
end_of_record
TN:
SF:models/Newsletter.js
FNF:0
FNH:0
DA:3,0
LF:1
LH:0
BRF:0
BRH:0
end_of_record
TN:
SF:models/Piggery.js
FNF:0
FNH:0
DA:4,1
LF:1
LH:1
BRF:0
BRH:0
end_of_record
TN:
SF:models/Subscriber.js
FNF:0
FNH:0
DA:3,1
LF:1
LH:1
BRF:0
BRH:0
end_of_record
TN:
SF:routes/adminRoutes.js
FN:9,(anonymous_0)
FN:20,(anonymous_1)
FN:29,(anonymous_2)
FN:38,(anonymous_3)
FNF:4
FNH:1
FNDA:4,(anonymous_0)
FNDA:0,(anonymous_1)
FNDA:0,(anonymous_2)
FNDA:0,(anonymous_3)
DA:7,1
DA:9,1
DA:10,4
DA:11,4
DA:13,0
DA:14,0
DA:18,1
DA:20,1
DA:21,0
DA:22,0
DA:24,0
DA:25,0
DA:29,1
DA:30,0
DA:31,0
DA:33,0
DA:34,0
DA:38,1
DA:39,0
DA:40,0
DA:42,0
DA:43,0
LF:22
LH:8
BRF:0
BRH:0
end_of_record
TN:
SF:routes/contentRoutes.js
FN:96,(anonymous_0)
FN:103,(anonymous_1)
FNF:2
FNH:0
FNDA:0,(anonymous_0)
FNDA:0,(anonymous_1)
DA:93,0
DA:96,0
DA:97,0
DA:98,0
DA:100,0
DA:103,0
DA:104,0
DA:105,0
DA:107,0
DA:111,0
DA:112,0
DA:113,0
DA:114,0
DA:115,0
DA:116,0
DA:119,0
DA:120,0
DA:121,0
DA:122,0
DA:123,0
DA:124,0
DA:130,0
DA:141,0
DA:144,0
DA:147,0
DA:150,0
DA:161,0
DA:164,0
DA:167,0
DA:169,0
DA:170,0
DA:171,0
DA:172,0
DA:173,0
DA:174,0
DA:177,0
DA:178,0
DA:179,0
DA:180,0
DA:181,0
DA:182,0
DA:185,0
DA:186,0
DA:187,0
DA:188,0
DA:189,0
DA:190,0
DA:193,0
DA:194,0
DA:195,0
DA:196,0
DA:197,0
DA:198,0
DA:201,0
DA:202,0
DA:203,0
DA:204,0
DA:205,0
DA:206,0
DA:209,0
DA:210,0
DA:211,0
DA:212,0
DA:213,0
DA:214,0
DA:218,0
DA:219,0
DA:220,0
DA:223,0
DA:224,0
DA:225,0
DA:226,0
DA:227,0
DA:230,0
DA:231,0
DA:232,0
DA:233,0
DA:234,0
DA:235,0
DA:238,0
DA:239,0
DA:240,0
DA:241,0
DA:242,0
DA:243,0
DA:244,0
DA:245,0
DA:249,0
DA:252,0
DA:255,0
DA:258,0
DA:262,0
DA:265,0
DA:268,0
LF:94
LH:0
BRDA:97,0,0,0
BRDA:97,0,1,0
BRDA:104,1,0,0
BRDA:104,1,1,0
BRF:4
BRH:0
end_of_record
TN:
SF:routes/searchRoutes.js
FNF:0
FNH:0
DA:11,0
DA:14,0
DA:25,0
DA:35,0
DA:38,0
DA:39,0
DA:40,0
DA:43,0
DA:46,0
DA:49,0
DA:52,0
DA:55,0
DA:58,0
DA:61,0
DA:64,0
DA:65,0
LF:16
LH:0
BRF:0
BRH:0
end_of_record
